DEB [20181218-14:34:08.704] thr=1   paramiko.transport: starting thread (client mode): 0xbddfbb38
DEB [20181218-14:34:08.705] thr=1   paramiko.transport: Local version/idstring: SSH-2.0-paramiko_2.4.2
DEB [20181218-14:34:08.711] thr=1   paramiko.transport: Remote version/idstring: SSH-2.0-OpenSSH_6.6.1p1 Ubuntu-2ubuntu2.10
INF [20181218-14:34:08.711] thr=1   paramiko.transport: Connected (version 2.0, client OpenSSH_6.6.1p1)
DEB [20181218-14:34:08.714] thr=1   paramiko.transport: kex algos:['curve25519-sha256@libssh.org', 'ecdh-sha2-nistp256', 'ecdh-sha2-nistp384', 'ecdh-sha2-nistp521', 'diffie-hellman-group-exchange-sha256', 'diffie-hellman-group-exchange-sha1', 'diffie-hellman-group14-sha1', 'diffie-hellman-group1-sha1'] server key:['ssh-rsa', 'ssh-dss', 'ecdsa-sha2-nistp256', 'ssh-ed25519'] client encrypt:['aes128-ctr', 'aes192-ctr', 'aes256-ctr', 'arcfour256', 'arcfour128', 'aes128-gcm@openssh.com', 'aes256-gcm@openssh.com', 'chacha20-poly1305@openssh.com', 'aes128-cbc', '3des-cbc', 'blowfish-cbc', 'cast128-cbc', 'aes192-cbc', 'aes256-cbc', 'arcfour', 'rijndael-cbc@lysator.liu.se'] server encrypt:['aes128-ctr', 'aes192-ctr', 'aes256-ctr', 'arcfour256', 'arcfour128', 'aes128-gcm@openssh.com', 'aes256-gcm@openssh.com', 'chacha20-poly1305@openssh.com', 'aes128-cbc', '3des-cbc', 'blowfish-cbc', 'cast128-cbc', 'aes192-cbc', 'aes256-cbc', 'arcfour', 'rijndael-cbc@lysator.liu.se'] client mac:['hmac-md5-etm@openssh.com', 'hmac-sha1-etm@openssh.com', 'umac-64-etm@openssh.com', 'umac-128-etm@openssh.com', 'hmac-sha2-256-etm@openssh.com', 'hmac-sha2-512-etm@openssh.com', 'hmac-ripemd160-etm@openssh.com', 'hmac-sha1-96-etm@openssh.com', 'hmac-md5-96-etm@openssh.com', 'hmac-md5', 'hmac-sha1', 'umac-64@openssh.com', 'umac-128@openssh.com', 'hmac-sha2-256', 'hmac-sha2-512', 'hmac-ripemd160', 'hmac-ripemd160@openssh.com', 'hmac-sha1-96', 'hmac-md5-96'] server mac:['hmac-md5-etm@openssh.com', 'hmac-sha1-etm@openssh.com', 'umac-64-etm@openssh.com', 'umac-128-etm@openssh.com', 'hmac-sha2-256-etm@openssh.com', 'hmac-sha2-512-etm@openssh.com', 'hmac-ripemd160-etm@openssh.com', 'hmac-sha1-96-etm@openssh.com', 'hmac-md5-96-etm@openssh.com', 'hmac-md5', 'hmac-sha1', 'umac-64@openssh.com', 'umac-128@openssh.com', 'hmac-sha2-256', 'hmac-sha2-512', 'hmac-ripemd160', 'hmac-ripemd160@openssh.com', 'hmac-sha1-96', 'hmac-md5-96'] client compress:['none', 'zlib@openssh.com'] server compress:['none', 'zlib@openssh.com'] client lang:[''] server lang:[''] kex follows?False
DEB [20181218-14:34:08.715] thr=1   paramiko.transport: Kex agreed: ecdh-sha2-nistp256
DEB [20181218-14:34:08.715] thr=1   paramiko.transport: HostKey agreed: ssh-ed25519
DEB [20181218-14:34:08.715] thr=1   paramiko.transport: Cipher agreed: aes128-ctr
DEB [20181218-14:34:08.715] thr=1   paramiko.transport: MAC agreed: hmac-sha2-256
DEB [20181218-14:34:08.715] thr=1   paramiko.transport: Compression agreed: none
DEB [20181218-14:34:08.762] thr=1   paramiko.transport: kex engine KexNistp256 specified hash_algo <built-in function openssl_sha256>
DEB [20181218-14:34:08.762] thr=1   paramiko.transport: Switch to new keys ...
DEB [20181218-14:34:08.762] thr=2   paramiko.transport: Adding ssh-ed25519 host key for 192.168.138.52: b'bf37b8ac6e37d002faea4933648f16ba'
DEB [20181218-14:34:08.809] thr=1   paramiko.transport: userauth is OK
INF [20181218-14:34:08.829] thr=1   paramiko.transport: Authentication (password) successful!
DEB [20181218-14:34:08.829] thr=2   paramiko.transport: [chan 0] Max packet in: 32768 bytes
DEB [20181218-14:34:08.954] thr=1   paramiko.transport: [chan 0] Max packet out: 32768 bytes
DEB [20181218-14:34:08.954] thr=1   paramiko.transport: Secsh channel 0 opened.
DEB [20181218-14:34:08.973] thr=1   paramiko.transport: [chan 0] Sesch channel 0 request ok
DEB [20181218-14:34:09.076] thr=1   paramiko.transport: [chan 0] EOF received (0)
DEB [20181218-14:34:33.105] thr=1   paramiko.transport: starting thread (client mode): 0x12822e48
DEB [20181218-14:34:33.106] thr=1   paramiko.transport: Local version/idstring: SSH-2.0-paramiko_2.4.2
DEB [20181218-14:34:33.116] thr=1   paramiko.transport: Remote version/idstring: SSH-2.0-OpenSSH_6.6.1p1 Ubuntu-2ubuntu2.10
INF [20181218-14:34:33.116] thr=1   paramiko.transport: Connected (version 2.0, client OpenSSH_6.6.1p1)
DEB [20181218-14:34:33.119] thr=1   paramiko.transport: kex algos:['curve25519-sha256@libssh.org', 'ecdh-sha2-nistp256', 'ecdh-sha2-nistp384', 'ecdh-sha2-nistp521', 'diffie-hellman-group-exchange-sha256', 'diffie-hellman-group-exchange-sha1', 'diffie-hellman-group14-sha1', 'diffie-hellman-group1-sha1'] server key:['ssh-rsa', 'ssh-dss', 'ecdsa-sha2-nistp256', 'ssh-ed25519'] client encrypt:['aes128-ctr', 'aes192-ctr', 'aes256-ctr', 'arcfour256', 'arcfour128', 'aes128-gcm@openssh.com', 'aes256-gcm@openssh.com', 'chacha20-poly1305@openssh.com', 'aes128-cbc', '3des-cbc', 'blowfish-cbc', 'cast128-cbc', 'aes192-cbc', 'aes256-cbc', 'arcfour', 'rijndael-cbc@lysator.liu.se'] server encrypt:['aes128-ctr', 'aes192-ctr', 'aes256-ctr', 'arcfour256', 'arcfour128', 'aes128-gcm@openssh.com', 'aes256-gcm@openssh.com', 'chacha20-poly1305@openssh.com', 'aes128-cbc', '3des-cbc', 'blowfish-cbc', 'cast128-cbc', 'aes192-cbc', 'aes256-cbc', 'arcfour', 'rijndael-cbc@lysator.liu.se'] client mac:['hmac-md5-etm@openssh.com', 'hmac-sha1-etm@openssh.com', 'umac-64-etm@openssh.com', 'umac-128-etm@openssh.com', 'hmac-sha2-256-etm@openssh.com', 'hmac-sha2-512-etm@openssh.com', 'hmac-ripemd160-etm@openssh.com', 'hmac-sha1-96-etm@openssh.com', 'hmac-md5-96-etm@openssh.com', 'hmac-md5', 'hmac-sha1', 'umac-64@openssh.com', 'umac-128@openssh.com', 'hmac-sha2-256', 'hmac-sha2-512', 'hmac-ripemd160', 'hmac-ripemd160@openssh.com', 'hmac-sha1-96', 'hmac-md5-96'] server mac:['hmac-md5-etm@openssh.com', 'hmac-sha1-etm@openssh.com', 'umac-64-etm@openssh.com', 'umac-128-etm@openssh.com', 'hmac-sha2-256-etm@openssh.com', 'hmac-sha2-512-etm@openssh.com', 'hmac-ripemd160-etm@openssh.com', 'hmac-sha1-96-etm@openssh.com', 'hmac-md5-96-etm@openssh.com', 'hmac-md5', 'hmac-sha1', 'umac-64@openssh.com', 'umac-128@openssh.com', 'hmac-sha2-256', 'hmac-sha2-512', 'hmac-ripemd160', 'hmac-ripemd160@openssh.com', 'hmac-sha1-96', 'hmac-md5-96'] client compress:['none', 'zlib@openssh.com'] server compress:['none', 'zlib@openssh.com'] client lang:[''] server lang:[''] kex follows?False
DEB [20181218-14:34:33.119] thr=1   paramiko.transport: Kex agreed: ecdh-sha2-nistp256
DEB [20181218-14:34:33.119] thr=1   paramiko.transport: HostKey agreed: ssh-ed25519
DEB [20181218-14:34:33.120] thr=1   paramiko.transport: Cipher agreed: aes128-ctr
DEB [20181218-14:34:33.120] thr=1   paramiko.transport: MAC agreed: hmac-sha2-256
DEB [20181218-14:34:33.120] thr=1   paramiko.transport: Compression agreed: none
DEB [20181218-14:34:33.215] thr=1   paramiko.transport: kex engine KexNistp256 specified hash_algo <built-in function openssl_sha256>
DEB [20181218-14:34:33.215] thr=1   paramiko.transport: Switch to new keys ...
DEB [20181218-14:34:33.216] thr=2   paramiko.transport: Adding ssh-ed25519 host key for 192.168.138.52: b'bf37b8ac6e37d002faea4933648f16ba'
DEB [20181218-14:34:33.257] thr=1   paramiko.transport: userauth is OK
INF [20181218-14:34:33.278] thr=1   paramiko.transport: Authentication (password) successful!
DEB [20181218-14:34:33.279] thr=2   paramiko.transport: [chan 0] Max packet in: 32768 bytes
DEB [20181218-14:34:33.438] thr=1   paramiko.transport: [chan 0] Max packet out: 32768 bytes
DEB [20181218-14:34:33.439] thr=1   paramiko.transport: Secsh channel 0 opened.
DEB [20181218-14:34:33.445] thr=1   paramiko.transport: [chan 0] Sesch channel 0 request ok
DEB [20181218-14:34:33.465] thr=1   paramiko.transport: [chan 0] EOF received (0)
DEB [20181218-14:34:47.351] thr=1   paramiko.transport: starting thread (client mode): 0x61f62da0
DEB [20181218-14:34:47.352] thr=1   paramiko.transport: Local version/idstring: SSH-2.0-paramiko_2.4.2
DEB [20181218-14:34:47.361] thr=1   paramiko.transport: Remote version/idstring: SSH-2.0-OpenSSH_6.6.1p1 Ubuntu-2ubuntu2.10
INF [20181218-14:34:47.361] thr=1   paramiko.transport: Connected (version 2.0, client OpenSSH_6.6.1p1)
DEB [20181218-14:34:47.365] thr=1   paramiko.transport: kex algos:['curve25519-sha256@libssh.org', 'ecdh-sha2-nistp256', 'ecdh-sha2-nistp384', 'ecdh-sha2-nistp521', 'diffie-hellman-group-exchange-sha256', 'diffie-hellman-group-exchange-sha1', 'diffie-hellman-group14-sha1', 'diffie-hellman-group1-sha1'] server key:['ssh-rsa', 'ssh-dss', 'ecdsa-sha2-nistp256', 'ssh-ed25519'] client encrypt:['aes128-ctr', 'aes192-ctr', 'aes256-ctr', 'arcfour256', 'arcfour128', 'aes128-gcm@openssh.com', 'aes256-gcm@openssh.com', 'chacha20-poly1305@openssh.com', 'aes128-cbc', '3des-cbc', 'blowfish-cbc', 'cast128-cbc', 'aes192-cbc', 'aes256-cbc', 'arcfour', 'rijndael-cbc@lysator.liu.se'] server encrypt:['aes128-ctr', 'aes192-ctr', 'aes256-ctr', 'arcfour256', 'arcfour128', 'aes128-gcm@openssh.com', 'aes256-gcm@openssh.com', 'chacha20-poly1305@openssh.com', 'aes128-cbc', '3des-cbc', 'blowfish-cbc', 'cast128-cbc', 'aes192-cbc', 'aes256-cbc', 'arcfour', 'rijndael-cbc@lysator.liu.se'] client mac:['hmac-md5-etm@openssh.com', 'hmac-sha1-etm@openssh.com', 'umac-64-etm@openssh.com', 'umac-128-etm@openssh.com', 'hmac-sha2-256-etm@openssh.com', 'hmac-sha2-512-etm@openssh.com', 'hmac-ripemd160-etm@openssh.com', 'hmac-sha1-96-etm@openssh.com', 'hmac-md5-96-etm@openssh.com', 'hmac-md5', 'hmac-sha1', 'umac-64@openssh.com', 'umac-128@openssh.com', 'hmac-sha2-256', 'hmac-sha2-512', 'hmac-ripemd160', 'hmac-ripemd160@openssh.com', 'hmac-sha1-96', 'hmac-md5-96'] server mac:['hmac-md5-etm@openssh.com', 'hmac-sha1-etm@openssh.com', 'umac-64-etm@openssh.com', 'umac-128-etm@openssh.com', 'hmac-sha2-256-etm@openssh.com', 'hmac-sha2-512-etm@openssh.com', 'hmac-ripemd160-etm@openssh.com', 'hmac-sha1-96-etm@openssh.com', 'hmac-md5-96-etm@openssh.com', 'hmac-md5', 'hmac-sha1', 'umac-64@openssh.com', 'umac-128@openssh.com', 'hmac-sha2-256', 'hmac-sha2-512', 'hmac-ripemd160', 'hmac-ripemd160@openssh.com', 'hmac-sha1-96', 'hmac-md5-96'] client compress:['none', 'zlib@openssh.com'] server compress:['none', 'zlib@openssh.com'] client lang:[''] server lang:[''] kex follows?False
DEB [20181218-14:34:47.365] thr=1   paramiko.transport: Kex agreed: ecdh-sha2-nistp256
DEB [20181218-14:34:47.365] thr=1   paramiko.transport: HostKey agreed: ssh-ed25519
DEB [20181218-14:34:47.365] thr=1   paramiko.transport: Cipher agreed: aes128-ctr
DEB [20181218-14:34:47.365] thr=1   paramiko.transport: MAC agreed: hmac-sha2-256
DEB [20181218-14:34:47.365] thr=1   paramiko.transport: Compression agreed: none
DEB [20181218-14:34:47.481] thr=1   paramiko.transport: kex engine KexNistp256 specified hash_algo <built-in function openssl_sha256>
DEB [20181218-14:34:47.481] thr=1   paramiko.transport: Switch to new keys ...
DEB [20181218-14:34:47.482] thr=2   paramiko.transport: Adding ssh-ed25519 host key for 192.168.138.52: b'bf37b8ac6e37d002faea4933648f16ba'
DEB [20181218-14:34:47.529] thr=1   paramiko.transport: userauth is OK
INF [20181218-14:34:47.552] thr=1   paramiko.transport: Authentication (password) successful!
DEB [20181218-14:34:47.552] thr=2   paramiko.transport: [chan 0] Max packet in: 32768 bytes
DEB [20181218-14:34:47.721] thr=1   paramiko.transport: [chan 0] Max packet out: 32768 bytes
DEB [20181218-14:34:47.721] thr=1   paramiko.transport: Secsh channel 0 opened.
DEB [20181218-14:34:47.726] thr=1   paramiko.transport: [chan 0] Sesch channel 0 request ok
DEB [20181218-14:34:47.747] thr=1   paramiko.transport: [chan 0] EOF received (0)
DEB [20181218-14:38:21.823] thr=1   paramiko.transport: starting thread (client mode): 0x54332e10
DEB [20181218-14:38:21.824] thr=1   paramiko.transport: Local version/idstring: SSH-2.0-paramiko_2.4.2
DEB [20181218-14:38:21.832] thr=1   paramiko.transport: Remote version/idstring: SSH-2.0-OpenSSH_6.6.1p1 Ubuntu-2ubuntu2.10
INF [20181218-14:38:21.832] thr=1   paramiko.transport: Connected (version 2.0, client OpenSSH_6.6.1p1)
DEB [20181218-14:38:21.835] thr=1   paramiko.transport: kex algos:['curve25519-sha256@libssh.org', 'ecdh-sha2-nistp256', 'ecdh-sha2-nistp384', 'ecdh-sha2-nistp521', 'diffie-hellman-group-exchange-sha256', 'diffie-hellman-group-exchange-sha1', 'diffie-hellman-group14-sha1', 'diffie-hellman-group1-sha1'] server key:['ssh-rsa', 'ssh-dss', 'ecdsa-sha2-nistp256', 'ssh-ed25519'] client encrypt:['aes128-ctr', 'aes192-ctr', 'aes256-ctr', 'arcfour256', 'arcfour128', 'aes128-gcm@openssh.com', 'aes256-gcm@openssh.com', 'chacha20-poly1305@openssh.com', 'aes128-cbc', '3des-cbc', 'blowfish-cbc', 'cast128-cbc', 'aes192-cbc', 'aes256-cbc', 'arcfour', 'rijndael-cbc@lysator.liu.se'] server encrypt:['aes128-ctr', 'aes192-ctr', 'aes256-ctr', 'arcfour256', 'arcfour128', 'aes128-gcm@openssh.com', 'aes256-gcm@openssh.com', 'chacha20-poly1305@openssh.com', 'aes128-cbc', '3des-cbc', 'blowfish-cbc', 'cast128-cbc', 'aes192-cbc', 'aes256-cbc', 'arcfour', 'rijndael-cbc@lysator.liu.se'] client mac:['hmac-md5-etm@openssh.com', 'hmac-sha1-etm@openssh.com', 'umac-64-etm@openssh.com', 'umac-128-etm@openssh.com', 'hmac-sha2-256-etm@openssh.com', 'hmac-sha2-512-etm@openssh.com', 'hmac-ripemd160-etm@openssh.com', 'hmac-sha1-96-etm@openssh.com', 'hmac-md5-96-etm@openssh.com', 'hmac-md5', 'hmac-sha1', 'umac-64@openssh.com', 'umac-128@openssh.com', 'hmac-sha2-256', 'hmac-sha2-512', 'hmac-ripemd160', 'hmac-ripemd160@openssh.com', 'hmac-sha1-96', 'hmac-md5-96'] server mac:['hmac-md5-etm@openssh.com', 'hmac-sha1-etm@openssh.com', 'umac-64-etm@openssh.com', 'umac-128-etm@openssh.com', 'hmac-sha2-256-etm@openssh.com', 'hmac-sha2-512-etm@openssh.com', 'hmac-ripemd160-etm@openssh.com', 'hmac-sha1-96-etm@openssh.com', 'hmac-md5-96-etm@openssh.com', 'hmac-md5', 'hmac-sha1', 'umac-64@openssh.com', 'umac-128@openssh.com', 'hmac-sha2-256', 'hmac-sha2-512', 'hmac-ripemd160', 'hmac-ripemd160@openssh.com', 'hmac-sha1-96', 'hmac-md5-96'] client compress:['none', 'zlib@openssh.com'] server compress:['none', 'zlib@openssh.com'] client lang:[''] server lang:[''] kex follows?False
DEB [20181218-14:38:21.835] thr=1   paramiko.transport: Kex agreed: ecdh-sha2-nistp256
DEB [20181218-14:38:21.835] thr=1   paramiko.transport: HostKey agreed: ssh-ed25519
DEB [20181218-14:38:21.835] thr=1   paramiko.transport: Cipher agreed: aes128-ctr
DEB [20181218-14:38:21.835] thr=1   paramiko.transport: MAC agreed: hmac-sha2-256
DEB [20181218-14:38:21.835] thr=1   paramiko.transport: Compression agreed: none
DEB [20181218-14:38:21.976] thr=1   paramiko.transport: kex engine KexNistp256 specified hash_algo <built-in function openssl_sha256>
DEB [20181218-14:38:21.976] thr=1   paramiko.transport: Switch to new keys ...
DEB [20181218-14:38:21.977] thr=2   paramiko.transport: Adding ssh-ed25519 host key for 192.168.138.52: b'bf37b8ac6e37d002faea4933648f16ba'
DEB [20181218-14:38:22.019] thr=1   paramiko.transport: userauth is OK
INF [20181218-14:38:22.046] thr=1   paramiko.transport: Authentication (password) successful!
DEB [20181218-14:38:22.047] thr=2   paramiko.transport: [chan 0] Max packet in: 32768 bytes
DEB [20181218-14:38:22.229] thr=1   paramiko.transport: [chan 0] Max packet out: 32768 bytes
DEB [20181218-14:38:22.230] thr=1   paramiko.transport: Secsh channel 0 opened.
DEB [20181218-14:38:22.234] thr=1   paramiko.transport: [chan 0] Sesch channel 0 request ok
DEB [20181218-14:38:22.262] thr=1   paramiko.transport: [chan 0] EOF received (0)
DEB [20190103-09:11:52.659] thr=1   paramiko.transport: starting thread (client mode): 0xc4543048
DEB [20190103-09:11:52.659] thr=1   paramiko.transport: Local version/idstring: SSH-2.0-paramiko_2.4.2
DEB [20190103-09:11:52.674] thr=1   paramiko.transport: Remote version/idstring: SSH-2.0-OpenSSH_6.6.1p1 Ubuntu-2ubuntu2.10
INF [20190103-09:11:52.674] thr=1   paramiko.transport: Connected (version 2.0, client OpenSSH_6.6.1p1)
DEB [20190103-09:11:52.674] thr=1   paramiko.transport: kex algos:['curve25519-sha256@libssh.org', 'ecdh-sha2-nistp256', 'ecdh-sha2-nistp384', 'ecdh-sha2-nistp521', 'diffie-hellman-group-exchange-sha256', 'diffie-hellman-group-exchange-sha1', 'diffie-hellman-group14-sha1', 'diffie-hellman-group1-sha1'] server key:['ssh-rsa', 'ssh-dss', 'ecdsa-sha2-nistp256', 'ssh-ed25519'] client encrypt:['aes128-ctr', 'aes192-ctr', 'aes256-ctr', 'arcfour256', 'arcfour128', 'aes128-gcm@openssh.com', 'aes256-gcm@openssh.com', 'chacha20-poly1305@openssh.com', 'aes128-cbc', '3des-cbc', 'blowfish-cbc', 'cast128-cbc', 'aes192-cbc', 'aes256-cbc', 'arcfour', 'rijndael-cbc@lysator.liu.se'] server encrypt:['aes128-ctr', 'aes192-ctr', 'aes256-ctr', 'arcfour256', 'arcfour128', 'aes128-gcm@openssh.com', 'aes256-gcm@openssh.com', 'chacha20-poly1305@openssh.com', 'aes128-cbc', '3des-cbc', 'blowfish-cbc', 'cast128-cbc', 'aes192-cbc', 'aes256-cbc', 'arcfour', 'rijndael-cbc@lysator.liu.se'] client mac:['hmac-md5-etm@openssh.com', 'hmac-sha1-etm@openssh.com', 'umac-64-etm@openssh.com', 'umac-128-etm@openssh.com', 'hmac-sha2-256-etm@openssh.com', 'hmac-sha2-512-etm@openssh.com', 'hmac-ripemd160-etm@openssh.com', 'hmac-sha1-96-etm@openssh.com', 'hmac-md5-96-etm@openssh.com', 'hmac-md5', 'hmac-sha1', 'umac-64@openssh.com', 'umac-128@openssh.com', 'hmac-sha2-256', 'hmac-sha2-512', 'hmac-ripemd160', 'hmac-ripemd160@openssh.com', 'hmac-sha1-96', 'hmac-md5-96'] server mac:['hmac-md5-etm@openssh.com', 'hmac-sha1-etm@openssh.com', 'umac-64-etm@openssh.com', 'umac-128-etm@openssh.com', 'hmac-sha2-256-etm@openssh.com', 'hmac-sha2-512-etm@openssh.com', 'hmac-ripemd160-etm@openssh.com', 'hmac-sha1-96-etm@openssh.com', 'hmac-md5-96-etm@openssh.com', 'hmac-md5', 'hmac-sha1', 'umac-64@openssh.com', 'umac-128@openssh.com', 'hmac-sha2-256', 'hmac-sha2-512', 'hmac-ripemd160', 'hmac-ripemd160@openssh.com', 'hmac-sha1-96', 'hmac-md5-96'] client compress:['none', 'zlib@openssh.com'] server compress:['none', 'zlib@openssh.com'] client lang:[''] server lang:[''] kex follows?False
DEB [20190103-09:11:52.674] thr=1   paramiko.transport: Kex agreed: ecdh-sha2-nistp256
DEB [20190103-09:11:52.674] thr=1   paramiko.transport: HostKey agreed: ssh-ed25519
DEB [20190103-09:11:52.674] thr=1   paramiko.transport: Cipher agreed: aes128-ctr
DEB [20190103-09:11:52.674] thr=1   paramiko.transport: MAC agreed: hmac-sha2-256
DEB [20190103-09:11:52.674] thr=1   paramiko.transport: Compression agreed: none
DEB [20190103-09:11:52.955] thr=1   paramiko.transport: kex engine KexNistp256 specified hash_algo <built-in function openssl_sha256>
DEB [20190103-09:11:52.955] thr=1   paramiko.transport: Switch to new keys ...
DEB [20190103-09:11:52.955] thr=2   paramiko.transport: Adding ssh-ed25519 host key for 192.168.138.52: b'bf37b8ac6e37d002faea4933648f16ba'
DEB [20190103-09:11:53.001] thr=1   paramiko.transport: userauth is OK
INF [20190103-09:11:53.026] thr=1   paramiko.transport: Authentication (password) successful!
DEB [20190103-09:11:53.028] thr=2   paramiko.transport: [chan 0] Max packet in: 32768 bytes
DEB [20190103-09:11:53.236] thr=1   paramiko.transport: [chan 0] Max packet out: 32768 bytes
DEB [20190103-09:11:53.236] thr=1   paramiko.transport: Secsh channel 0 opened.
DEB [20190103-09:11:53.251] thr=1   paramiko.transport: [chan 0] Sesch channel 0 request ok
DEB [20190103-09:11:53.548] thr=1   paramiko.transport: [chan 0] EOF received (0)
DEB [20190103-09:13:20.384] thr=1   paramiko.transport: starting thread (client mode): 0x9eea9048
DEB [20190103-09:13:20.384] thr=1   paramiko.transport: Local version/idstring: SSH-2.0-paramiko_2.4.2
DEB [20190103-09:13:20.451] thr=1   paramiko.transport: Remote version/idstring: SSH-2.0-OpenSSH_6.6.1p1 Ubuntu-2ubuntu2.10
INF [20190103-09:13:20.451] thr=1   paramiko.transport: Connected (version 2.0, client OpenSSH_6.6.1p1)
DEB [20190103-09:13:20.451] thr=1   paramiko.transport: kex algos:['curve25519-sha256@libssh.org', 'ecdh-sha2-nistp256', 'ecdh-sha2-nistp384', 'ecdh-sha2-nistp521', 'diffie-hellman-group-exchange-sha256', 'diffie-hellman-group-exchange-sha1', 'diffie-hellman-group14-sha1', 'diffie-hellman-group1-sha1'] server key:['ssh-rsa', 'ssh-dss', 'ecdsa-sha2-nistp256', 'ssh-ed25519'] client encrypt:['aes128-ctr', 'aes192-ctr', 'aes256-ctr', 'arcfour256', 'arcfour128', 'aes128-gcm@openssh.com', 'aes256-gcm@openssh.com', 'chacha20-poly1305@openssh.com', 'aes128-cbc', '3des-cbc', 'blowfish-cbc', 'cast128-cbc', 'aes192-cbc', 'aes256-cbc', 'arcfour', 'rijndael-cbc@lysator.liu.se'] server encrypt:['aes128-ctr', 'aes192-ctr', 'aes256-ctr', 'arcfour256', 'arcfour128', 'aes128-gcm@openssh.com', 'aes256-gcm@openssh.com', 'chacha20-poly1305@openssh.com', 'aes128-cbc', '3des-cbc', 'blowfish-cbc', 'cast128-cbc', 'aes192-cbc', 'aes256-cbc', 'arcfour', 'rijndael-cbc@lysator.liu.se'] client mac:['hmac-md5-etm@openssh.com', 'hmac-sha1-etm@openssh.com', 'umac-64-etm@openssh.com', 'umac-128-etm@openssh.com', 'hmac-sha2-256-etm@openssh.com', 'hmac-sha2-512-etm@openssh.com', 'hmac-ripemd160-etm@openssh.com', 'hmac-sha1-96-etm@openssh.com', 'hmac-md5-96-etm@openssh.com', 'hmac-md5', 'hmac-sha1', 'umac-64@openssh.com', 'umac-128@openssh.com', 'hmac-sha2-256', 'hmac-sha2-512', 'hmac-ripemd160', 'hmac-ripemd160@openssh.com', 'hmac-sha1-96', 'hmac-md5-96'] server mac:['hmac-md5-etm@openssh.com', 'hmac-sha1-etm@openssh.com', 'umac-64-etm@openssh.com', 'umac-128-etm@openssh.com', 'hmac-sha2-256-etm@openssh.com', 'hmac-sha2-512-etm@openssh.com', 'hmac-ripemd160-etm@openssh.com', 'hmac-sha1-96-etm@openssh.com', 'hmac-md5-96-etm@openssh.com', 'hmac-md5', 'hmac-sha1', 'umac-64@openssh.com', 'umac-128@openssh.com', 'hmac-sha2-256', 'hmac-sha2-512', 'hmac-ripemd160', 'hmac-ripemd160@openssh.com', 'hmac-sha1-96', 'hmac-md5-96'] client compress:['none', 'zlib@openssh.com'] server compress:['none', 'zlib@openssh.com'] client lang:[''] server lang:[''] kex follows?False
DEB [20190103-09:13:20.451] thr=1   paramiko.transport: Kex agreed: ecdh-sha2-nistp256
DEB [20190103-09:13:20.451] thr=1   paramiko.transport: HostKey agreed: ssh-ed25519
DEB [20190103-09:13:20.451] thr=1   paramiko.transport: Cipher agreed: aes128-ctr
DEB [20190103-09:13:20.451] thr=1   paramiko.transport: MAC agreed: hmac-sha2-256
DEB [20190103-09:13:20.451] thr=1   paramiko.transport: Compression agreed: none
DEB [20190103-09:13:20.654] thr=1   paramiko.transport: kex engine KexNistp256 specified hash_algo <built-in function openssl_sha256>
DEB [20190103-09:13:20.654] thr=1   paramiko.transport: Switch to new keys ...
DEB [20190103-09:13:20.654] thr=2   paramiko.transport: Adding ssh-ed25519 host key for 192.168.138.52: b'bf37b8ac6e37d002faea4933648f16ba'
DEB [20190103-09:13:20.701] thr=1   paramiko.transport: userauth is OK
INF [20190103-09:13:20.717] thr=1   paramiko.transport: Authentication (password) successful!
DEB [20190103-09:13:20.717] thr=2   paramiko.transport: [chan 0] Max packet in: 32768 bytes
DEB [20190103-09:13:21.334] thr=1   paramiko.transport: [chan 0] Max packet out: 32768 bytes
DEB [20190103-09:13:21.334] thr=1   paramiko.transport: Secsh channel 0 opened.
DEB [20190103-09:13:21.334] thr=1   paramiko.transport: [chan 0] Sesch channel 0 request ok
DEB [20190103-09:13:21.412] thr=1   paramiko.transport: [chan 0] EOF received (0)
DEB [20190103-09:13:47.931] thr=1   paramiko.transport: starting thread (client mode): 0xa6567128
DEB [20190103-09:13:47.931] thr=1   paramiko.transport: Local version/idstring: SSH-2.0-paramiko_2.4.2
DEB [20190103-09:13:49.721] thr=1   paramiko.transport: Remote version/idstring: SSH-2.0-OpenSSH_6.6.1p1 Ubuntu-2ubuntu2.10
INF [20190103-09:13:49.721] thr=1   paramiko.transport: Connected (version 2.0, client OpenSSH_6.6.1p1)
DEB [20190103-09:13:49.721] thr=1   paramiko.transport: kex algos:['curve25519-sha256@libssh.org', 'ecdh-sha2-nistp256', 'ecdh-sha2-nistp384', 'ecdh-sha2-nistp521', 'diffie-hellman-group-exchange-sha256', 'diffie-hellman-group-exchange-sha1', 'diffie-hellman-group14-sha1', 'diffie-hellman-group1-sha1'] server key:['ssh-rsa', 'ssh-dss', 'ecdsa-sha2-nistp256', 'ssh-ed25519'] client encrypt:['aes128-ctr', 'aes192-ctr', 'aes256-ctr', 'arcfour256', 'arcfour128', 'aes128-gcm@openssh.com', 'aes256-gcm@openssh.com', 'chacha20-poly1305@openssh.com', 'aes128-cbc', '3des-cbc', 'blowfish-cbc', 'cast128-cbc', 'aes192-cbc', 'aes256-cbc', 'arcfour', 'rijndael-cbc@lysator.liu.se'] server encrypt:['aes128-ctr', 'aes192-ctr', 'aes256-ctr', 'arcfour256', 'arcfour128', 'aes128-gcm@openssh.com', 'aes256-gcm@openssh.com', 'chacha20-poly1305@openssh.com', 'aes128-cbc', '3des-cbc', 'blowfish-cbc', 'cast128-cbc', 'aes192-cbc', 'aes256-cbc', 'arcfour', 'rijndael-cbc@lysator.liu.se'] client mac:['hmac-md5-etm@openssh.com', 'hmac-sha1-etm@openssh.com', 'umac-64-etm@openssh.com', 'umac-128-etm@openssh.com', 'hmac-sha2-256-etm@openssh.com', 'hmac-sha2-512-etm@openssh.com', 'hmac-ripemd160-etm@openssh.com', 'hmac-sha1-96-etm@openssh.com', 'hmac-md5-96-etm@openssh.com', 'hmac-md5', 'hmac-sha1', 'umac-64@openssh.com', 'umac-128@openssh.com', 'hmac-sha2-256', 'hmac-sha2-512', 'hmac-ripemd160', 'hmac-ripemd160@openssh.com', 'hmac-sha1-96', 'hmac-md5-96'] server mac:['hmac-md5-etm@openssh.com', 'hmac-sha1-etm@openssh.com', 'umac-64-etm@openssh.com', 'umac-128-etm@openssh.com', 'hmac-sha2-256-etm@openssh.com', 'hmac-sha2-512-etm@openssh.com', 'hmac-ripemd160-etm@openssh.com', 'hmac-sha1-96-etm@openssh.com', 'hmac-md5-96-etm@openssh.com', 'hmac-md5', 'hmac-sha1', 'umac-64@openssh.com', 'umac-128@openssh.com', 'hmac-sha2-256', 'hmac-sha2-512', 'hmac-ripemd160', 'hmac-ripemd160@openssh.com', 'hmac-sha1-96', 'hmac-md5-96'] client compress:['none', 'zlib@openssh.com'] server compress:['none', 'zlib@openssh.com'] client lang:[''] server lang:[''] kex follows?False
DEB [20190103-09:13:49.721] thr=1   paramiko.transport: Kex agreed: ecdh-sha2-nistp256
DEB [20190103-09:13:49.737] thr=1   paramiko.transport: HostKey agreed: ssh-ed25519
DEB [20190103-09:13:49.737] thr=1   paramiko.transport: Cipher agreed: aes128-ctr
DEB [20190103-09:13:49.737] thr=1   paramiko.transport: MAC agreed: hmac-sha2-256
DEB [20190103-09:13:49.737] thr=1   paramiko.transport: Compression agreed: none
DEB [20190103-09:13:49.940] thr=1   paramiko.transport: kex engine KexNistp256 specified hash_algo <built-in function openssl_sha256>
DEB [20190103-09:13:49.955] thr=1   paramiko.transport: Switch to new keys ...
DEB [20190103-09:13:49.955] thr=2   paramiko.transport: Adding ssh-ed25519 host key for 192.168.138.52: b'bf37b8ac6e37d002faea4933648f16ba'
DEB [20190103-09:13:50.001] thr=1   paramiko.transport: userauth is OK
INF [20190103-09:13:50.291] thr=1   paramiko.transport: Authentication (password) successful!
DEB [20190103-09:13:50.294] thr=2   paramiko.transport: [chan 0] Max packet in: 32768 bytes
DEB [20190103-09:13:54.030] thr=1   paramiko.transport: [chan 0] Max packet out: 32768 bytes
DEB [20190103-09:13:54.030] thr=1   paramiko.transport: Secsh channel 0 opened.
DEB [20190103-09:13:54.030] thr=1   paramiko.transport: [chan 0] Sesch channel 0 request ok
DEB [20190103-09:13:54.937] thr=1   paramiko.transport: [chan 0] EOF received (0)
DEB [20190103-09:16:28.807] thr=1   paramiko.transport: starting thread (client mode): 0x56995080
DEB [20190103-09:16:28.807] thr=1   paramiko.transport: Local version/idstring: SSH-2.0-paramiko_2.4.2
DEB [20190103-09:16:29.181] thr=1   paramiko.transport: Remote version/idstring: SSH-2.0-OpenSSH_6.6.1p1 Ubuntu-2ubuntu2.10
INF [20190103-09:16:29.181] thr=1   paramiko.transport: Connected (version 2.0, client OpenSSH_6.6.1p1)
DEB [20190103-09:16:29.212] thr=1   paramiko.transport: kex algos:['curve25519-sha256@libssh.org', 'ecdh-sha2-nistp256', 'ecdh-sha2-nistp384', 'ecdh-sha2-nistp521', 'diffie-hellman-group-exchange-sha256', 'diffie-hellman-group-exchange-sha1', 'diffie-hellman-group14-sha1', 'diffie-hellman-group1-sha1'] server key:['ssh-rsa', 'ssh-dss', 'ecdsa-sha2-nistp256', 'ssh-ed25519'] client encrypt:['aes128-ctr', 'aes192-ctr', 'aes256-ctr', 'arcfour256', 'arcfour128', 'aes128-gcm@openssh.com', 'aes256-gcm@openssh.com', 'chacha20-poly1305@openssh.com', 'aes128-cbc', '3des-cbc', 'blowfish-cbc', 'cast128-cbc', 'aes192-cbc', 'aes256-cbc', 'arcfour', 'rijndael-cbc@lysator.liu.se'] server encrypt:['aes128-ctr', 'aes192-ctr', 'aes256-ctr', 'arcfour256', 'arcfour128', 'aes128-gcm@openssh.com', 'aes256-gcm@openssh.com', 'chacha20-poly1305@openssh.com', 'aes128-cbc', '3des-cbc', 'blowfish-cbc', 'cast128-cbc', 'aes192-cbc', 'aes256-cbc', 'arcfour', 'rijndael-cbc@lysator.liu.se'] client mac:['hmac-md5-etm@openssh.com', 'hmac-sha1-etm@openssh.com', 'umac-64-etm@openssh.com', 'umac-128-etm@openssh.com', 'hmac-sha2-256-etm@openssh.com', 'hmac-sha2-512-etm@openssh.com', 'hmac-ripemd160-etm@openssh.com', 'hmac-sha1-96-etm@openssh.com', 'hmac-md5-96-etm@openssh.com', 'hmac-md5', 'hmac-sha1', 'umac-64@openssh.com', 'umac-128@openssh.com', 'hmac-sha2-256', 'hmac-sha2-512', 'hmac-ripemd160', 'hmac-ripemd160@openssh.com', 'hmac-sha1-96', 'hmac-md5-96'] server mac:['hmac-md5-etm@openssh.com', 'hmac-sha1-etm@openssh.com', 'umac-64-etm@openssh.com', 'umac-128-etm@openssh.com', 'hmac-sha2-256-etm@openssh.com', 'hmac-sha2-512-etm@openssh.com', 'hmac-ripemd160-etm@openssh.com', 'hmac-sha1-96-etm@openssh.com', 'hmac-md5-96-etm@openssh.com', 'hmac-md5', 'hmac-sha1', 'umac-64@openssh.com', 'umac-128@openssh.com', 'hmac-sha2-256', 'hmac-sha2-512', 'hmac-ripemd160', 'hmac-ripemd160@openssh.com', 'hmac-sha1-96', 'hmac-md5-96'] client compress:['none', 'zlib@openssh.com'] server compress:['none', 'zlib@openssh.com'] client lang:[''] server lang:[''] kex follows?False
DEB [20190103-09:16:29.212] thr=1   paramiko.transport: Kex agreed: ecdh-sha2-nistp256
DEB [20190103-09:16:29.212] thr=1   paramiko.transport: HostKey agreed: ssh-ed25519
DEB [20190103-09:16:29.212] thr=1   paramiko.transport: Cipher agreed: aes128-ctr
DEB [20190103-09:16:29.212] thr=1   paramiko.transport: MAC agreed: hmac-sha2-256
DEB [20190103-09:16:29.212] thr=1   paramiko.transport: Compression agreed: none
DEB [20190103-09:16:29.400] thr=1   paramiko.transport: kex engine KexNistp256 specified hash_algo <built-in function openssl_sha256>
DEB [20190103-09:16:29.400] thr=1   paramiko.transport: Switch to new keys ...
DEB [20190103-09:16:29.400] thr=2   paramiko.transport: Adding ssh-ed25519 host key for 192.168.138.52: b'bf37b8ac6e37d002faea4933648f16ba'
DEB [20190103-09:16:29.447] thr=1   paramiko.transport: userauth is OK
INF [20190103-09:16:29.759] thr=1   paramiko.transport: Authentication (password) successful!
DEB [20190103-09:16:29.759] thr=2   paramiko.transport: [chan 0] Max packet in: 32768 bytes
DEB [20190103-09:16:30.949] thr=1   paramiko.transport: [chan 0] Max packet out: 32768 bytes
DEB [20190103-09:16:30.949] thr=1   paramiko.transport: Secsh channel 0 opened.
DEB [20190103-09:16:30.949] thr=1   paramiko.transport: [chan 0] Sesch channel 0 request ok
DEB [20190103-09:16:31.194] thr=1   paramiko.transport: [chan 0] EOF received (0)
DEB [20190103-09:18:54.819] thr=1   paramiko.transport: starting thread (client mode): 0xcde98048
DEB [20190103-09:18:54.835] thr=1   paramiko.transport: Local version/idstring: SSH-2.0-paramiko_2.4.2
DEB [20190103-09:18:54.835] thr=1   paramiko.transport: Remote version/idstring: SSH-2.0-OpenSSH_6.6.1p1 Ubuntu-2ubuntu2.10
INF [20190103-09:18:54.835] thr=1   paramiko.transport: Connected (version 2.0, client OpenSSH_6.6.1p1)
DEB [20190103-09:18:54.835] thr=1   paramiko.transport: kex algos:['curve25519-sha256@libssh.org', 'ecdh-sha2-nistp256', 'ecdh-sha2-nistp384', 'ecdh-sha2-nistp521', 'diffie-hellman-group-exchange-sha256', 'diffie-hellman-group-exchange-sha1', 'diffie-hellman-group14-sha1', 'diffie-hellman-group1-sha1'] server key:['ssh-rsa', 'ssh-dss', 'ecdsa-sha2-nistp256', 'ssh-ed25519'] client encrypt:['aes128-ctr', 'aes192-ctr', 'aes256-ctr', 'arcfour256', 'arcfour128', 'aes128-gcm@openssh.com', 'aes256-gcm@openssh.com', 'chacha20-poly1305@openssh.com', 'aes128-cbc', '3des-cbc', 'blowfish-cbc', 'cast128-cbc', 'aes192-cbc', 'aes256-cbc', 'arcfour', 'rijndael-cbc@lysator.liu.se'] server encrypt:['aes128-ctr', 'aes192-ctr', 'aes256-ctr', 'arcfour256', 'arcfour128', 'aes128-gcm@openssh.com', 'aes256-gcm@openssh.com', 'chacha20-poly1305@openssh.com', 'aes128-cbc', '3des-cbc', 'blowfish-cbc', 'cast128-cbc', 'aes192-cbc', 'aes256-cbc', 'arcfour', 'rijndael-cbc@lysator.liu.se'] client mac:['hmac-md5-etm@openssh.com', 'hmac-sha1-etm@openssh.com', 'umac-64-etm@openssh.com', 'umac-128-etm@openssh.com', 'hmac-sha2-256-etm@openssh.com', 'hmac-sha2-512-etm@openssh.com', 'hmac-ripemd160-etm@openssh.com', 'hmac-sha1-96-etm@openssh.com', 'hmac-md5-96-etm@openssh.com', 'hmac-md5', 'hmac-sha1', 'umac-64@openssh.com', 'umac-128@openssh.com', 'hmac-sha2-256', 'hmac-sha2-512', 'hmac-ripemd160', 'hmac-ripemd160@openssh.com', 'hmac-sha1-96', 'hmac-md5-96'] server mac:['hmac-md5-etm@openssh.com', 'hmac-sha1-etm@openssh.com', 'umac-64-etm@openssh.com', 'umac-128-etm@openssh.com', 'hmac-sha2-256-etm@openssh.com', 'hmac-sha2-512-etm@openssh.com', 'hmac-ripemd160-etm@openssh.com', 'hmac-sha1-96-etm@openssh.com', 'hmac-md5-96-etm@openssh.com', 'hmac-md5', 'hmac-sha1', 'umac-64@openssh.com', 'umac-128@openssh.com', 'hmac-sha2-256', 'hmac-sha2-512', 'hmac-ripemd160', 'hmac-ripemd160@openssh.com', 'hmac-sha1-96', 'hmac-md5-96'] client compress:['none', 'zlib@openssh.com'] server compress:['none', 'zlib@openssh.com'] client lang:[''] server lang:[''] kex follows?False
DEB [20190103-09:18:54.835] thr=1   paramiko.transport: Kex agreed: ecdh-sha2-nistp256
DEB [20190103-09:18:54.835] thr=1   paramiko.transport: HostKey agreed: ssh-ed25519
DEB [20190103-09:18:54.835] thr=1   paramiko.transport: Cipher agreed: aes128-ctr
DEB [20190103-09:18:54.835] thr=1   paramiko.transport: MAC agreed: hmac-sha2-256
DEB [20190103-09:18:54.835] thr=1   paramiko.transport: Compression agreed: none
DEB [20190103-09:18:55.041] thr=1   paramiko.transport: kex engine KexNistp256 specified hash_algo <built-in function openssl_sha256>
DEB [20190103-09:18:55.043] thr=1   paramiko.transport: Switch to new keys ...
DEB [20190103-09:18:55.044] thr=2   paramiko.transport: Adding ssh-ed25519 host key for 192.168.138.52: b'bf37b8ac6e37d002faea4933648f16ba'
DEB [20190103-09:18:55.085] thr=1   paramiko.transport: userauth is OK
INF [20190103-09:18:55.112] thr=1   paramiko.transport: Authentication (password) successful!
DEB [20190103-09:18:55.112] thr=2   paramiko.transport: [chan 0] Max packet in: 32768 bytes
DEB [20190103-09:18:55.277] thr=1   paramiko.transport: [chan 0] Max packet out: 32768 bytes
DEB [20190103-09:18:55.277] thr=1   paramiko.transport: Secsh channel 0 opened.
DEB [20190103-09:18:55.282] thr=1   paramiko.transport: [chan 0] Sesch channel 0 request ok
DEB [20190103-09:18:55.340] thr=1   paramiko.transport: [chan 0] EOF received (0)
DEB [20190103-09:18:55.341] thr=1   paramiko.transport: [chan 0] EOF sent (0)
DEB [20190103-09:23:29.512] thr=1   paramiko.transport: starting thread (client mode): 0x85235eb8
DEB [20190103-09:23:29.512] thr=1   paramiko.transport: Local version/idstring: SSH-2.0-paramiko_2.4.2
DEB [20190103-09:23:29.528] thr=1   paramiko.transport: Remote version/idstring: SSH-2.0-OpenSSH_6.6.1p1 Ubuntu-2ubuntu2.10
INF [20190103-09:23:29.528] thr=1   paramiko.transport: Connected (version 2.0, client OpenSSH_6.6.1p1)
DEB [20190103-09:23:29.528] thr=1   paramiko.transport: kex algos:['curve25519-sha256@libssh.org', 'ecdh-sha2-nistp256', 'ecdh-sha2-nistp384', 'ecdh-sha2-nistp521', 'diffie-hellman-group-exchange-sha256', 'diffie-hellman-group-exchange-sha1', 'diffie-hellman-group14-sha1', 'diffie-hellman-group1-sha1'] server key:['ssh-rsa', 'ssh-dss', 'ecdsa-sha2-nistp256', 'ssh-ed25519'] client encrypt:['aes128-ctr', 'aes192-ctr', 'aes256-ctr', 'arcfour256', 'arcfour128', 'aes128-gcm@openssh.com', 'aes256-gcm@openssh.com', 'chacha20-poly1305@openssh.com', 'aes128-cbc', '3des-cbc', 'blowfish-cbc', 'cast128-cbc', 'aes192-cbc', 'aes256-cbc', 'arcfour', 'rijndael-cbc@lysator.liu.se'] server encrypt:['aes128-ctr', 'aes192-ctr', 'aes256-ctr', 'arcfour256', 'arcfour128', 'aes128-gcm@openssh.com', 'aes256-gcm@openssh.com', 'chacha20-poly1305@openssh.com', 'aes128-cbc', '3des-cbc', 'blowfish-cbc', 'cast128-cbc', 'aes192-cbc', 'aes256-cbc', 'arcfour', 'rijndael-cbc@lysator.liu.se'] client mac:['hmac-md5-etm@openssh.com', 'hmac-sha1-etm@openssh.com', 'umac-64-etm@openssh.com', 'umac-128-etm@openssh.com', 'hmac-sha2-256-etm@openssh.com', 'hmac-sha2-512-etm@openssh.com', 'hmac-ripemd160-etm@openssh.com', 'hmac-sha1-96-etm@openssh.com', 'hmac-md5-96-etm@openssh.com', 'hmac-md5', 'hmac-sha1', 'umac-64@openssh.com', 'umac-128@openssh.com', 'hmac-sha2-256', 'hmac-sha2-512', 'hmac-ripemd160', 'hmac-ripemd160@openssh.com', 'hmac-sha1-96', 'hmac-md5-96'] server mac:['hmac-md5-etm@openssh.com', 'hmac-sha1-etm@openssh.com', 'umac-64-etm@openssh.com', 'umac-128-etm@openssh.com', 'hmac-sha2-256-etm@openssh.com', 'hmac-sha2-512-etm@openssh.com', 'hmac-ripemd160-etm@openssh.com', 'hmac-sha1-96-etm@openssh.com', 'hmac-md5-96-etm@openssh.com', 'hmac-md5', 'hmac-sha1', 'umac-64@openssh.com', 'umac-128@openssh.com', 'hmac-sha2-256', 'hmac-sha2-512', 'hmac-ripemd160', 'hmac-ripemd160@openssh.com', 'hmac-sha1-96', 'hmac-md5-96'] client compress:['none', 'zlib@openssh.com'] server compress:['none', 'zlib@openssh.com'] client lang:[''] server lang:[''] kex follows?False
DEB [20190103-09:23:29.528] thr=1   paramiko.transport: Kex agreed: ecdh-sha2-nistp256
DEB [20190103-09:23:29.528] thr=1   paramiko.transport: HostKey agreed: ssh-ed25519
DEB [20190103-09:23:29.528] thr=1   paramiko.transport: Cipher agreed: aes128-ctr
DEB [20190103-09:23:29.528] thr=1   paramiko.transport: MAC agreed: hmac-sha2-256
DEB [20190103-09:23:29.528] thr=1   paramiko.transport: Compression agreed: none
DEB [20190103-09:23:29.678] thr=1   paramiko.transport: kex engine KexNistp256 specified hash_algo <built-in function openssl_sha256>
DEB [20190103-09:23:29.694] thr=1   paramiko.transport: Switch to new keys ...
DEB [20190103-09:23:29.694] thr=2   paramiko.transport: Adding ssh-ed25519 host key for 192.168.138.52: b'bf37b8ac6e37d002faea4933648f16ba'
DEB [20190103-09:23:29.726] thr=1   paramiko.transport: userauth is OK
INF [20190103-09:23:29.757] thr=1   paramiko.transport: Authentication (password) successful!
DEB [20190103-09:23:29.757] thr=2   paramiko.transport: [chan 0] Max packet in: 32768 bytes
DEB [20190103-09:23:29.913] thr=1   paramiko.transport: [chan 0] Max packet out: 32768 bytes
DEB [20190103-09:23:29.928] thr=1   paramiko.transport: Secsh channel 0 opened.
DEB [20190103-09:23:29.928] thr=1   paramiko.transport: [chan 0] Sesch channel 0 request ok
DEB [20190103-09:23:29.962] thr=1   paramiko.transport: [chan 0] EOF received (0)
DEB [20190103-09:24:16.777] thr=1   paramiko.transport: starting thread (client mode): 0x7cce92e8
DEB [20190103-09:24:16.777] thr=1   paramiko.transport: Local version/idstring: SSH-2.0-paramiko_2.4.2
DEB [20190103-09:24:16.777] thr=1   paramiko.transport: Remote version/idstring: SSH-2.0-OpenSSH_6.6.1p1 Ubuntu-2ubuntu2.10
INF [20190103-09:24:16.777] thr=1   paramiko.transport: Connected (version 2.0, client OpenSSH_6.6.1p1)
DEB [20190103-09:24:16.792] thr=1   paramiko.transport: kex algos:['curve25519-sha256@libssh.org', 'ecdh-sha2-nistp256', 'ecdh-sha2-nistp384', 'ecdh-sha2-nistp521', 'diffie-hellman-group-exchange-sha256', 'diffie-hellman-group-exchange-sha1', 'diffie-hellman-group14-sha1', 'diffie-hellman-group1-sha1'] server key:['ssh-rsa', 'ssh-dss', 'ecdsa-sha2-nistp256', 'ssh-ed25519'] client encrypt:['aes128-ctr', 'aes192-ctr', 'aes256-ctr', 'arcfour256', 'arcfour128', 'aes128-gcm@openssh.com', 'aes256-gcm@openssh.com', 'chacha20-poly1305@openssh.com', 'aes128-cbc', '3des-cbc', 'blowfish-cbc', 'cast128-cbc', 'aes192-cbc', 'aes256-cbc', 'arcfour', 'rijndael-cbc@lysator.liu.se'] server encrypt:['aes128-ctr', 'aes192-ctr', 'aes256-ctr', 'arcfour256', 'arcfour128', 'aes128-gcm@openssh.com', 'aes256-gcm@openssh.com', 'chacha20-poly1305@openssh.com', 'aes128-cbc', '3des-cbc', 'blowfish-cbc', 'cast128-cbc', 'aes192-cbc', 'aes256-cbc', 'arcfour', 'rijndael-cbc@lysator.liu.se'] client mac:['hmac-md5-etm@openssh.com', 'hmac-sha1-etm@openssh.com', 'umac-64-etm@openssh.com', 'umac-128-etm@openssh.com', 'hmac-sha2-256-etm@openssh.com', 'hmac-sha2-512-etm@openssh.com', 'hmac-ripemd160-etm@openssh.com', 'hmac-sha1-96-etm@openssh.com', 'hmac-md5-96-etm@openssh.com', 'hmac-md5', 'hmac-sha1', 'umac-64@openssh.com', 'umac-128@openssh.com', 'hmac-sha2-256', 'hmac-sha2-512', 'hmac-ripemd160', 'hmac-ripemd160@openssh.com', 'hmac-sha1-96', 'hmac-md5-96'] server mac:['hmac-md5-etm@openssh.com', 'hmac-sha1-etm@openssh.com', 'umac-64-etm@openssh.com', 'umac-128-etm@openssh.com', 'hmac-sha2-256-etm@openssh.com', 'hmac-sha2-512-etm@openssh.com', 'hmac-ripemd160-etm@openssh.com', 'hmac-sha1-96-etm@openssh.com', 'hmac-md5-96-etm@openssh.com', 'hmac-md5', 'hmac-sha1', 'umac-64@openssh.com', 'umac-128@openssh.com', 'hmac-sha2-256', 'hmac-sha2-512', 'hmac-ripemd160', 'hmac-ripemd160@openssh.com', 'hmac-sha1-96', 'hmac-md5-96'] client compress:['none', 'zlib@openssh.com'] server compress:['none', 'zlib@openssh.com'] client lang:[''] server lang:[''] kex follows?False
DEB [20190103-09:24:16.792] thr=1   paramiko.transport: Kex agreed: ecdh-sha2-nistp256
DEB [20190103-09:24:16.792] thr=1   paramiko.transport: HostKey agreed: ssh-ed25519
DEB [20190103-09:24:16.792] thr=1   paramiko.transport: Cipher agreed: aes128-ctr
DEB [20190103-09:24:16.792] thr=1   paramiko.transport: MAC agreed: hmac-sha2-256
DEB [20190103-09:24:16.792] thr=1   paramiko.transport: Compression agreed: none
DEB [20190103-09:24:16.948] thr=1   paramiko.transport: kex engine KexNistp256 specified hash_algo <built-in function openssl_sha256>
DEB [20190103-09:24:16.948] thr=1   paramiko.transport: Switch to new keys ...
DEB [20190103-09:24:16.948] thr=2   paramiko.transport: Adding ssh-ed25519 host key for 192.168.138.52: b'bf37b8ac6e37d002faea4933648f16ba'
DEB [20190103-09:24:16.999] thr=1   paramiko.transport: userauth is OK
INF [20190103-09:24:17.412] thr=1   paramiko.transport: Authentication (password) successful!
DEB [20190103-09:24:17.412] thr=2   paramiko.transport: [chan 0] Max packet in: 32768 bytes
DEB [20190103-09:24:19.719] thr=1   paramiko.transport: [chan 0] Max packet out: 32768 bytes
DEB [20190103-09:24:19.719] thr=1   paramiko.transport: Secsh channel 0 opened.
DEB [20190103-09:24:19.735] thr=1   paramiko.transport: [chan 0] Sesch channel 0 request ok
DEB [20190103-09:24:19.875] thr=1   paramiko.transport: [chan 0] EOF received (0)
DEB [20190103-09:25:09.603] thr=1   paramiko.transport: starting thread (client mode): 0x222a9080
DEB [20190103-09:25:09.603] thr=1   paramiko.transport: Local version/idstring: SSH-2.0-paramiko_2.4.2
DEB [20190103-09:25:09.619] thr=1   paramiko.transport: Remote version/idstring: SSH-2.0-OpenSSH_6.6.1p1 Ubuntu-2ubuntu2.10
INF [20190103-09:25:09.619] thr=1   paramiko.transport: Connected (version 2.0, client OpenSSH_6.6.1p1)
DEB [20190103-09:25:09.619] thr=1   paramiko.transport: kex algos:['curve25519-sha256@libssh.org', 'ecdh-sha2-nistp256', 'ecdh-sha2-nistp384', 'ecdh-sha2-nistp521', 'diffie-hellman-group-exchange-sha256', 'diffie-hellman-group-exchange-sha1', 'diffie-hellman-group14-sha1', 'diffie-hellman-group1-sha1'] server key:['ssh-rsa', 'ssh-dss', 'ecdsa-sha2-nistp256', 'ssh-ed25519'] client encrypt:['aes128-ctr', 'aes192-ctr', 'aes256-ctr', 'arcfour256', 'arcfour128', 'aes128-gcm@openssh.com', 'aes256-gcm@openssh.com', 'chacha20-poly1305@openssh.com', 'aes128-cbc', '3des-cbc', 'blowfish-cbc', 'cast128-cbc', 'aes192-cbc', 'aes256-cbc', 'arcfour', 'rijndael-cbc@lysator.liu.se'] server encrypt:['aes128-ctr', 'aes192-ctr', 'aes256-ctr', 'arcfour256', 'arcfour128', 'aes128-gcm@openssh.com', 'aes256-gcm@openssh.com', 'chacha20-poly1305@openssh.com', 'aes128-cbc', '3des-cbc', 'blowfish-cbc', 'cast128-cbc', 'aes192-cbc', 'aes256-cbc', 'arcfour', 'rijndael-cbc@lysator.liu.se'] client mac:['hmac-md5-etm@openssh.com', 'hmac-sha1-etm@openssh.com', 'umac-64-etm@openssh.com', 'umac-128-etm@openssh.com', 'hmac-sha2-256-etm@openssh.com', 'hmac-sha2-512-etm@openssh.com', 'hmac-ripemd160-etm@openssh.com', 'hmac-sha1-96-etm@openssh.com', 'hmac-md5-96-etm@openssh.com', 'hmac-md5', 'hmac-sha1', 'umac-64@openssh.com', 'umac-128@openssh.com', 'hmac-sha2-256', 'hmac-sha2-512', 'hmac-ripemd160', 'hmac-ripemd160@openssh.com', 'hmac-sha1-96', 'hmac-md5-96'] server mac:['hmac-md5-etm@openssh.com', 'hmac-sha1-etm@openssh.com', 'umac-64-etm@openssh.com', 'umac-128-etm@openssh.com', 'hmac-sha2-256-etm@openssh.com', 'hmac-sha2-512-etm@openssh.com', 'hmac-ripemd160-etm@openssh.com', 'hmac-sha1-96-etm@openssh.com', 'hmac-md5-96-etm@openssh.com', 'hmac-md5', 'hmac-sha1', 'umac-64@openssh.com', 'umac-128@openssh.com', 'hmac-sha2-256', 'hmac-sha2-512', 'hmac-ripemd160', 'hmac-ripemd160@openssh.com', 'hmac-sha1-96', 'hmac-md5-96'] client compress:['none', 'zlib@openssh.com'] server compress:['none', 'zlib@openssh.com'] client lang:[''] server lang:[''] kex follows?False
DEB [20190103-09:25:09.619] thr=1   paramiko.transport: Kex agreed: ecdh-sha2-nistp256
DEB [20190103-09:25:09.619] thr=1   paramiko.transport: HostKey agreed: ssh-ed25519
DEB [20190103-09:25:09.619] thr=1   paramiko.transport: Cipher agreed: aes128-ctr
DEB [20190103-09:25:09.619] thr=1   paramiko.transport: MAC agreed: hmac-sha2-256
DEB [20190103-09:25:09.619] thr=1   paramiko.transport: Compression agreed: none
DEB [20190103-09:25:09.790] thr=1   paramiko.transport: kex engine KexNistp256 specified hash_algo <built-in function openssl_sha256>
DEB [20190103-09:25:09.790] thr=1   paramiko.transport: Switch to new keys ...
DEB [20190103-09:25:09.790] thr=2   paramiko.transport: Adding ssh-ed25519 host key for 192.168.138.52: b'bf37b8ac6e37d002faea4933648f16ba'
DEB [20190103-09:25:09.837] thr=1   paramiko.transport: userauth is OK
INF [20190103-09:25:09.853] thr=1   paramiko.transport: Authentication (password) successful!
DEB [20190103-09:25:09.853] thr=2   paramiko.transport: [chan 0] Max packet in: 32768 bytes
DEB [20190103-09:25:10.020] thr=1   paramiko.transport: [chan 0] Max packet out: 32768 bytes
DEB [20190103-09:25:10.020] thr=1   paramiko.transport: Secsh channel 0 opened.
DEB [20190103-09:25:10.035] thr=1   paramiko.transport: [chan 0] Sesch channel 0 request ok
DEB [20190103-09:25:10.051] thr=1   paramiko.transport: [chan 0] EOF received (0)
DEB [20190103-09:27:15.666] thr=1   paramiko.transport: starting thread (client mode): 0x586e65f8
DEB [20190103-09:27:15.666] thr=1   paramiko.transport: Local version/idstring: SSH-2.0-paramiko_2.4.2
DEB [20190103-09:27:15.675] thr=1   paramiko.transport: Remote version/idstring: SSH-2.0-OpenSSH_6.6.1p1 Ubuntu-2ubuntu2.10
INF [20190103-09:27:15.675] thr=1   paramiko.transport: Connected (version 2.0, client OpenSSH_6.6.1p1)
DEB [20190103-09:27:15.678] thr=1   paramiko.transport: kex algos:['curve25519-sha256@libssh.org', 'ecdh-sha2-nistp256', 'ecdh-sha2-nistp384', 'ecdh-sha2-nistp521', 'diffie-hellman-group-exchange-sha256', 'diffie-hellman-group-exchange-sha1', 'diffie-hellman-group14-sha1', 'diffie-hellman-group1-sha1'] server key:['ssh-rsa', 'ssh-dss', 'ecdsa-sha2-nistp256', 'ssh-ed25519'] client encrypt:['aes128-ctr', 'aes192-ctr', 'aes256-ctr', 'arcfour256', 'arcfour128', 'aes128-gcm@openssh.com', 'aes256-gcm@openssh.com', 'chacha20-poly1305@openssh.com', 'aes128-cbc', '3des-cbc', 'blowfish-cbc', 'cast128-cbc', 'aes192-cbc', 'aes256-cbc', 'arcfour', 'rijndael-cbc@lysator.liu.se'] server encrypt:['aes128-ctr', 'aes192-ctr', 'aes256-ctr', 'arcfour256', 'arcfour128', 'aes128-gcm@openssh.com', 'aes256-gcm@openssh.com', 'chacha20-poly1305@openssh.com', 'aes128-cbc', '3des-cbc', 'blowfish-cbc', 'cast128-cbc', 'aes192-cbc', 'aes256-cbc', 'arcfour', 'rijndael-cbc@lysator.liu.se'] client mac:['hmac-md5-etm@openssh.com', 'hmac-sha1-etm@openssh.com', 'umac-64-etm@openssh.com', 'umac-128-etm@openssh.com', 'hmac-sha2-256-etm@openssh.com', 'hmac-sha2-512-etm@openssh.com', 'hmac-ripemd160-etm@openssh.com', 'hmac-sha1-96-etm@openssh.com', 'hmac-md5-96-etm@openssh.com', 'hmac-md5', 'hmac-sha1', 'umac-64@openssh.com', 'umac-128@openssh.com', 'hmac-sha2-256', 'hmac-sha2-512', 'hmac-ripemd160', 'hmac-ripemd160@openssh.com', 'hmac-sha1-96', 'hmac-md5-96'] server mac:['hmac-md5-etm@openssh.com', 'hmac-sha1-etm@openssh.com', 'umac-64-etm@openssh.com', 'umac-128-etm@openssh.com', 'hmac-sha2-256-etm@openssh.com', 'hmac-sha2-512-etm@openssh.com', 'hmac-ripemd160-etm@openssh.com', 'hmac-sha1-96-etm@openssh.com', 'hmac-md5-96-etm@openssh.com', 'hmac-md5', 'hmac-sha1', 'umac-64@openssh.com', 'umac-128@openssh.com', 'hmac-sha2-256', 'hmac-sha2-512', 'hmac-ripemd160', 'hmac-ripemd160@openssh.com', 'hmac-sha1-96', 'hmac-md5-96'] client compress:['none', 'zlib@openssh.com'] server compress:['none', 'zlib@openssh.com'] client lang:[''] server lang:[''] kex follows?False
DEB [20190103-09:27:15.679] thr=1   paramiko.transport: Kex agreed: ecdh-sha2-nistp256
DEB [20190103-09:27:15.679] thr=1   paramiko.transport: HostKey agreed: ssh-ed25519
DEB [20190103-09:27:15.679] thr=1   paramiko.transport: Cipher agreed: aes128-ctr
DEB [20190103-09:27:15.679] thr=1   paramiko.transport: MAC agreed: hmac-sha2-256
DEB [20190103-09:27:15.679] thr=1   paramiko.transport: Compression agreed: none
DEB [20190103-09:27:15.774] thr=1   paramiko.transport: kex engine KexNistp256 specified hash_algo <built-in function openssl_sha256>
DEB [20190103-09:27:15.775] thr=1   paramiko.transport: Switch to new keys ...
DEB [20190103-09:27:15.775] thr=2   paramiko.transport: Adding ssh-ed25519 host key for 192.168.138.52: b'bf37b8ac6e37d002faea4933648f16ba'
DEB [20190103-09:27:15.819] thr=1   paramiko.transport: userauth is OK
INF [20190103-09:27:15.842] thr=1   paramiko.transport: Authentication (password) successful!
DEB [20190103-09:27:15.842] thr=2   paramiko.transport: [chan 0] Max packet in: 32768 bytes
DEB [20190103-09:27:16.009] thr=1   paramiko.transport: [chan 0] Max packet out: 32768 bytes
DEB [20190103-09:27:16.010] thr=1   paramiko.transport: Secsh channel 0 opened.
DEB [20190103-09:27:16.016] thr=1   paramiko.transport: [chan 0] Sesch channel 0 request ok
DEB [20190103-09:27:16.036] thr=1   paramiko.transport: [chan 0] EOF received (0)
DEB [20190103-09:27:55.999] thr=1   paramiko.transport: starting thread (client mode): 0x9581d048
DEB [20190103-09:27:56.000] thr=1   paramiko.transport: Local version/idstring: SSH-2.0-paramiko_2.4.2
DEB [20190103-09:27:56.006] thr=1   paramiko.transport: Remote version/idstring: SSH-2.0-OpenSSH_6.6.1p1 Ubuntu-2ubuntu2.10
INF [20190103-09:27:56.007] thr=1   paramiko.transport: Connected (version 2.0, client OpenSSH_6.6.1p1)
DEB [20190103-09:27:56.010] thr=1   paramiko.transport: kex algos:['curve25519-sha256@libssh.org', 'ecdh-sha2-nistp256', 'ecdh-sha2-nistp384', 'ecdh-sha2-nistp521', 'diffie-hellman-group-exchange-sha256', 'diffie-hellman-group-exchange-sha1', 'diffie-hellman-group14-sha1', 'diffie-hellman-group1-sha1'] server key:['ssh-rsa', 'ssh-dss', 'ecdsa-sha2-nistp256', 'ssh-ed25519'] client encrypt:['aes128-ctr', 'aes192-ctr', 'aes256-ctr', 'arcfour256', 'arcfour128', 'aes128-gcm@openssh.com', 'aes256-gcm@openssh.com', 'chacha20-poly1305@openssh.com', 'aes128-cbc', '3des-cbc', 'blowfish-cbc', 'cast128-cbc', 'aes192-cbc', 'aes256-cbc', 'arcfour', 'rijndael-cbc@lysator.liu.se'] server encrypt:['aes128-ctr', 'aes192-ctr', 'aes256-ctr', 'arcfour256', 'arcfour128', 'aes128-gcm@openssh.com', 'aes256-gcm@openssh.com', 'chacha20-poly1305@openssh.com', 'aes128-cbc', '3des-cbc', 'blowfish-cbc', 'cast128-cbc', 'aes192-cbc', 'aes256-cbc', 'arcfour', 'rijndael-cbc@lysator.liu.se'] client mac:['hmac-md5-etm@openssh.com', 'hmac-sha1-etm@openssh.com', 'umac-64-etm@openssh.com', 'umac-128-etm@openssh.com', 'hmac-sha2-256-etm@openssh.com', 'hmac-sha2-512-etm@openssh.com', 'hmac-ripemd160-etm@openssh.com', 'hmac-sha1-96-etm@openssh.com', 'hmac-md5-96-etm@openssh.com', 'hmac-md5', 'hmac-sha1', 'umac-64@openssh.com', 'umac-128@openssh.com', 'hmac-sha2-256', 'hmac-sha2-512', 'hmac-ripemd160', 'hmac-ripemd160@openssh.com', 'hmac-sha1-96', 'hmac-md5-96'] server mac:['hmac-md5-etm@openssh.com', 'hmac-sha1-etm@openssh.com', 'umac-64-etm@openssh.com', 'umac-128-etm@openssh.com', 'hmac-sha2-256-etm@openssh.com', 'hmac-sha2-512-etm@openssh.com', 'hmac-ripemd160-etm@openssh.com', 'hmac-sha1-96-etm@openssh.com', 'hmac-md5-96-etm@openssh.com', 'hmac-md5', 'hmac-sha1', 'umac-64@openssh.com', 'umac-128@openssh.com', 'hmac-sha2-256', 'hmac-sha2-512', 'hmac-ripemd160', 'hmac-ripemd160@openssh.com', 'hmac-sha1-96', 'hmac-md5-96'] client compress:['none', 'zlib@openssh.com'] server compress:['none', 'zlib@openssh.com'] client lang:[''] server lang:[''] kex follows?False
DEB [20190103-09:27:56.010] thr=1   paramiko.transport: Kex agreed: ecdh-sha2-nistp256
DEB [20190103-09:27:56.010] thr=1   paramiko.transport: HostKey agreed: ssh-ed25519
DEB [20190103-09:27:56.011] thr=1   paramiko.transport: Cipher agreed: aes128-ctr
DEB [20190103-09:27:56.011] thr=1   paramiko.transport: MAC agreed: hmac-sha2-256
DEB [20190103-09:27:56.011] thr=1   paramiko.transport: Compression agreed: none
DEB [20190103-09:27:56.185] thr=1   paramiko.transport: kex engine KexNistp256 specified hash_algo <built-in function openssl_sha256>
DEB [20190103-09:27:56.185] thr=1   paramiko.transport: Switch to new keys ...
DEB [20190103-09:27:56.185] thr=2   paramiko.transport: Adding ssh-ed25519 host key for 192.168.138.52: b'bf37b8ac6e37d002faea4933648f16ba'
DEB [20190103-09:27:56.232] thr=1   paramiko.transport: userauth is OK
INF [20190103-09:27:56.248] thr=1   paramiko.transport: Authentication (password) successful!
DEB [20190103-09:27:56.248] thr=2   paramiko.transport: [chan 0] Max packet in: 32768 bytes
DEB [20190103-09:27:56.435] thr=1   paramiko.transport: [chan 0] Max packet out: 32768 bytes
DEB [20190103-09:27:56.435] thr=1   paramiko.transport: Secsh channel 0 opened.
DEB [20190103-09:27:56.451] thr=1   paramiko.transport: [chan 0] Sesch channel 0 request ok
DEB [20190103-09:27:56.467] thr=1   paramiko.transport: [chan 0] EOF received (0)
DEB [20190103-09:27:56.467] thr=1   paramiko.transport: [chan 0] EOF sent (0)
DEB [20190103-09:27:56.467] thr=1   paramiko.transport: Dropping user packet because connection is dead.
DEB [20190103-09:33:56.649] thr=1   paramiko.transport: starting thread (client mode): 0x4c34c898
DEB [20190103-09:33:56.664] thr=1   paramiko.transport: Local version/idstring: SSH-2.0-paramiko_2.4.2
DEB [20190103-09:33:56.664] thr=1   paramiko.transport: Remote version/idstring: SSH-2.0-OpenSSH_6.6.1p1 Ubuntu-2ubuntu2.10
INF [20190103-09:33:56.664] thr=1   paramiko.transport: Connected (version 2.0, client OpenSSH_6.6.1p1)
DEB [20190103-09:33:56.680] thr=1   paramiko.transport: kex algos:['curve25519-sha256@libssh.org', 'ecdh-sha2-nistp256', 'ecdh-sha2-nistp384', 'ecdh-sha2-nistp521', 'diffie-hellman-group-exchange-sha256', 'diffie-hellman-group-exchange-sha1', 'diffie-hellman-group14-sha1', 'diffie-hellman-group1-sha1'] server key:['ssh-rsa', 'ssh-dss', 'ecdsa-sha2-nistp256', 'ssh-ed25519'] client encrypt:['aes128-ctr', 'aes192-ctr', 'aes256-ctr', 'arcfour256', 'arcfour128', 'aes128-gcm@openssh.com', 'aes256-gcm@openssh.com', 'chacha20-poly1305@openssh.com', 'aes128-cbc', '3des-cbc', 'blowfish-cbc', 'cast128-cbc', 'aes192-cbc', 'aes256-cbc', 'arcfour', 'rijndael-cbc@lysator.liu.se'] server encrypt:['aes128-ctr', 'aes192-ctr', 'aes256-ctr', 'arcfour256', 'arcfour128', 'aes128-gcm@openssh.com', 'aes256-gcm@openssh.com', 'chacha20-poly1305@openssh.com', 'aes128-cbc', '3des-cbc', 'blowfish-cbc', 'cast128-cbc', 'aes192-cbc', 'aes256-cbc', 'arcfour', 'rijndael-cbc@lysator.liu.se'] client mac:['hmac-md5-etm@openssh.com', 'hmac-sha1-etm@openssh.com', 'umac-64-etm@openssh.com', 'umac-128-etm@openssh.com', 'hmac-sha2-256-etm@openssh.com', 'hmac-sha2-512-etm@openssh.com', 'hmac-ripemd160-etm@openssh.com', 'hmac-sha1-96-etm@openssh.com', 'hmac-md5-96-etm@openssh.com', 'hmac-md5', 'hmac-sha1', 'umac-64@openssh.com', 'umac-128@openssh.com', 'hmac-sha2-256', 'hmac-sha2-512', 'hmac-ripemd160', 'hmac-ripemd160@openssh.com', 'hmac-sha1-96', 'hmac-md5-96'] server mac:['hmac-md5-etm@openssh.com', 'hmac-sha1-etm@openssh.com', 'umac-64-etm@openssh.com', 'umac-128-etm@openssh.com', 'hmac-sha2-256-etm@openssh.com', 'hmac-sha2-512-etm@openssh.com', 'hmac-ripemd160-etm@openssh.com', 'hmac-sha1-96-etm@openssh.com', 'hmac-md5-96-etm@openssh.com', 'hmac-md5', 'hmac-sha1', 'umac-64@openssh.com', 'umac-128@openssh.com', 'hmac-sha2-256', 'hmac-sha2-512', 'hmac-ripemd160', 'hmac-ripemd160@openssh.com', 'hmac-sha1-96', 'hmac-md5-96'] client compress:['none', 'zlib@openssh.com'] server compress:['none', 'zlib@openssh.com'] client lang:[''] server lang:[''] kex follows?False
DEB [20190103-09:33:56.680] thr=1   paramiko.transport: Kex agreed: ecdh-sha2-nistp256
DEB [20190103-09:33:56.680] thr=1   paramiko.transport: HostKey agreed: ssh-ed25519
DEB [20190103-09:33:56.680] thr=1   paramiko.transport: Cipher agreed: aes128-ctr
DEB [20190103-09:33:56.680] thr=1   paramiko.transport: MAC agreed: hmac-sha2-256
DEB [20190103-09:33:56.680] thr=1   paramiko.transport: Compression agreed: none
DEB [20190103-09:33:56.852] thr=1   paramiko.transport: kex engine KexNistp256 specified hash_algo <built-in function openssl_sha256>
DEB [20190103-09:33:56.852] thr=1   paramiko.transport: Switch to new keys ...
DEB [20190103-09:33:56.852] thr=2   paramiko.transport: Adding ssh-ed25519 host key for 192.168.138.52: b'bf37b8ac6e37d002faea4933648f16ba'
DEB [20190103-09:33:56.899] thr=1   paramiko.transport: userauth is OK
INF [20190103-09:33:56.930] thr=1   paramiko.transport: Authentication (password) successful!
DEB [20190103-09:33:56.930] thr=2   paramiko.transport: [chan 0] Max packet in: 32768 bytes
DEB [20190103-09:33:57.119] thr=1   paramiko.transport: [chan 0] Max packet out: 32768 bytes
DEB [20190103-09:33:57.119] thr=1   paramiko.transport: Secsh channel 0 opened.
DEB [20190103-09:33:57.134] thr=1   paramiko.transport: [chan 0] Sesch channel 0 request ok
DEB [20190103-09:33:57.150] thr=1   paramiko.transport: [chan 0] EOF received (0)
